Determining if the system is big endian passed with the following output:
Change Dir: /glade/u/home/mizukami/testing/pio_test/route/build/lib/piolib/CMakeFiles/CMakeTmp

Run Build Command:"/usr/bin/gmake" "cmTryCompileExec444085345/fast"
gmake[2]: Entering directory `/glade/u/home/mizukami/testing/pio_test/route/build/lib/piolib/CMakeFiles/CMakeTmp'
/usr/bin/gmake -f CMakeFiles/cmTryCompileExec444085345.dir/build.make CMakeFiles/cmTryCompileExec444085345.dir/build
gmake[3]: Entering directory `/glade/u/home/mizukami/testing/pio_test/route/build/lib/piolib/CMakeFiles/CMakeTmp'
/usr/local/bin/cmake -E cmake_progress_report /glade/u/home/mizukami/testing/pio_test/route/build/lib/piolib/CMakeFiles/CMakeTmp/CMakeFiles 1
Building C object CMakeFiles/cmTryCompileExec444085345.dir/TestEndianess.c.o
/gpfs/u/apps/dav/opt/ncarcompilers/0.4.1/mpi/gcc   -DUSE_MPI_ISEND_FOR_FC -DHAVE_MPI -I. -I/glade/u/home/mizukami/testing/pio_test/route/build/lib/piolib/include -I/glade/u/apps/dav/opt/openmpi/3.1.2/gnu/7.3.0/include -I/glade/u/apps/dav/opt/gnu/7.3.0/include -I/usr/local/include/slurm -I/usr/local/include    -o CMakeFiles/cmTryCompileExec444085345.dir/TestEndianess.c.o   -c /glade/u/home/mizukami/testing/pio_test/route/build/lib/piolib/CMakeFiles/CMakeTmp/TestEndianess.c
Linking C executable cmTryCompileExec444085345
/usr/local/bin/cmake -E cmake_link_script CMakeFiles/cmTryCompileExec444085345.dir/link.txt --verbose=1
/gpfs/u/apps/dav/opt/ncarcompilers/0.4.1/mpi/gcc   -DUSE_MPI_ISEND_FOR_FC -DHAVE_MPI -I. -I/glade/u/home/mizukami/testing/pio_test/route/build/lib/piolib/include -I/glade/u/apps/dav/opt/openmpi/3.1.2/gnu/7.3.0/include -I/glade/u/apps/dav/opt/gnu/7.3.0/include -I/usr/local/include/slurm -I/usr/local/include    CMakeFiles/cmTryCompileExec444085345.dir/TestEndianess.c.o  -o cmTryCompileExec444085345 -rdynamic 
gmake[3]: Leaving directory `/glade/u/home/mizukami/testing/pio_test/route/build/lib/piolib/CMakeFiles/CMakeTmp'
gmake[2]: Leaving directory `/glade/u/home/mizukami/testing/pio_test/route/build/lib/piolib/CMakeFiles/CMakeTmp'

TestEndianess.c:
/* A 16 bit integer is required. */
typedef unsigned short cmakeint16;

/* On a little endian machine, these 16bit ints will give "THIS IS LITTLE ENDIAN."
   On a big endian machine the characters will be exchanged pairwise. */
const cmakeint16 info_little[] =  {0x4854, 0x5349, 0x4920, 0x2053, 0x494c, 0x5454, 0x454c, 0x4520, 0x444e, 0x4149, 0x2e4e, 0x0000};

/* on a big endian machine, these 16bit ints will give "THIS IS BIG ENDIAN."
   On a little endian machine the characters will be exchanged pairwise. */
const cmakeint16 info_big[] =     {0x5448, 0x4953, 0x2049, 0x5320, 0x4249, 0x4720, 0x454e, 0x4449, 0x414e, 0x2e2e, 0x0000};

#ifdef __CLASSIC_C__
int main(argc, argv) int argc; char *argv[];
#else
int main(int argc, char *argv[])
#endif
{
  int require = 0;
  require += info_little[argc];
  require += info_big[argc];
  (void)argv;
  return require;
}


Determining if the function nc_set_log_level exists failed with the following output:
Change Dir: /glade/u/home/mizukami/testing/pio_test/route/build/lib/piolib/CMakeFiles/CMakeTmp

Run Build Command:"/usr/bin/gmake" "cmTryCompileExec1189993912/fast"
gmake[2]: Entering directory `/glade/u/home/mizukami/testing/pio_test/route/build/lib/piolib/CMakeFiles/CMakeTmp'
/usr/bin/gmake -f CMakeFiles/cmTryCompileExec1189993912.dir/build.make CMakeFiles/cmTryCompileExec1189993912.dir/build
gmake[3]: Entering directory `/glade/u/home/mizukami/testing/pio_test/route/build/lib/piolib/CMakeFiles/CMakeTmp'
/usr/local/bin/cmake -E cmake_progress_report /glade/u/home/mizukami/testing/pio_test/route/build/lib/piolib/CMakeFiles/CMakeTmp/CMakeFiles 1
Building C object CMakeFiles/cmTryCompileExec1189993912.dir/CheckFunctionExists.c.o
/gpfs/u/apps/dav/opt/ncarcompilers/0.4.1/mpi/gcc   -DUSE_MPI_ISEND_FOR_FC -DHAVE_MPI -I. -I/glade/u/home/mizukami/testing/pio_test/route/build/lib/piolib/include -I/glade/u/apps/dav/opt/openmpi/3.1.2/gnu/7.3.0/include -I/glade/u/apps/dav/opt/gnu/7.3.0/include -I/usr/local/include/slurm -I/usr/local/include -DCHECK_FUNCTION_EXISTS=nc_set_log_level -I/glade/u/apps/ch/opt/netcdf/4.6.1/gnu/7.3.0/include    -o CMakeFiles/cmTryCompileExec1189993912.dir/CheckFunctionExists.c.o   -c /usr/local/share/cmake-3.1/Modules/CheckFunctionExists.c
Linking C executable cmTryCompileExec1189993912
/usr/local/bin/cmake -E cmake_link_script CMakeFiles/cmTryCompileExec1189993912.dir/link.txt --verbose=1
/gpfs/u/apps/dav/opt/ncarcompilers/0.4.1/mpi/gcc   -DUSE_MPI_ISEND_FOR_FC -DHAVE_MPI -I. -I/glade/u/home/mizukami/testing/pio_test/route/build/lib/piolib/include -I/glade/u/apps/dav/opt/openmpi/3.1.2/gnu/7.3.0/include -I/glade/u/apps/dav/opt/gnu/7.3.0/include -I/usr/local/include/slurm -I/usr/local/include -DCHECK_FUNCTION_EXISTS=nc_set_log_level   CMakeFiles/cmTryCompileExec1189993912.dir/CheckFunctionExists.c.o  -o cmTryCompileExec1189993912 -rdynamic /glade/u/apps/ch/opt/netcdf/4.6.1/gnu/7.3.0/lib/libnetcdf.so -Wl,-rpath,/glade/u/apps/ch/opt/netcdf/4.6.1/gnu/7.3.0/lib 
CMakeFiles/cmTryCompileExec1189993912.dir/CheckFunctionExists.c.o: In function `main':
CheckFunctionExists.c:(.text+0x15): undefined reference to `nc_set_log_level'
collect2: error: ld returned 1 exit status
gmake[3]: *** [cmTryCompileExec1189993912] Error 1
gmake[3]: Leaving directory `/glade/u/home/mizukami/testing/pio_test/route/build/lib/piolib/CMakeFiles/CMakeTmp'
gmake[2]: *** [cmTryCompileExec1189993912/fast] Error 2
gmake[2]: Leaving directory `/glade/u/home/mizukami/testing/pio_test/route/build/lib/piolib/CMakeFiles/CMakeTmp'


